Mplus VERSION 7.2
MUTHEN & MUTHEN
03/03/2019   4:18 PM

INPUT INSTRUCTIONS

  TITLE:  CFA for Teamwork in Science (PISA 2015)
  Data:   FILE IS pisa2015_EFA_CFA.csv;

  Variable:

      NAMES ARE cnt age escs science gender tw1-tw8
      sle1-sle14 tia1-tia17 at1-at9 psa1-psa9;

      CATEGORICAL ARE tw1 tw5 tw7 tw8;

      USEVARIABLES ARE tw1 tw5 tw7 tw8;

      MISSING ARE ALL (99);

  ANALYSIS:

      ESTIMATOR = WLSMV;

  MODEL:

      tw BY tw1* tw5 tw7 tw8;
      tw@1;

  OUTPUT: MODINDICES(10) RESIDUAL STAND;



*** WARNING
  Data set contains cases with missing on all variables.
  These cases were not included in the analysis.
  Number of cases with missing on all variables:  942
   1 WARNING(S) FOUND IN THE INPUT INSTRUCTIONS



CFA for Teamwork in Science (PISA 2015)

SUMMARY OF ANALYSIS

Number of groups                                                 1
Number of observations                                       28367

Number of dependent variables                                    4
Number of independent variables                                  0
Number of continuous latent variables                            1

Observed dependent variables

  Binary and ordered categorical (ordinal)
   TW1         TW5         TW7         TW8

Continuous latent variables
   TW


Estimator                                                    WLSMV
Maximum number of iterations                                  1000
Convergence criterion                                    0.500D-04
Maximum number of steepest descent iterations                   20
Maximum number of iterations for H1                           2000
Convergence criterion for H1                             0.100D-03
Parameterization                                             DELTA

Input data file(s)
  pisa2015_EFA_CFA.csv

Input data format  FREE


SUMMARY OF DATA

     Number of missing data patterns            15


COVARIANCE COVERAGE OF DATA

Minimum covariance coverage value   0.100


     PROPORTION OF DATA PRESENT


           Covariance Coverage
              TW1           TW5           TW7           TW8
              ________      ________      ________      ________
 TW1            0.998
 TW5            0.994         0.996
 TW7            0.993         0.991         0.994
 TW8            0.991         0.989         0.988         0.992


UNIVARIATE PROPORTIONS AND COUNTS FOR CATEGORICAL VARIABLES

    TW1
      Category 1    0.079     2232.000
      Category 2    0.243     6890.000
      Category 3    0.491    13899.000
      Category 4    0.187     5294.000
    TW5
      Category 1    0.045     1281.000
      Category 2    0.225     6351.000
      Category 3    0.516    14583.000
      Category 4    0.214     6032.000
    TW7
      Category 1    0.061     1721.000
      Category 2    0.227     6395.000
      Category 3    0.505    14224.000
      Category 4    0.208     5852.000
    TW8
      Category 1    0.031      860.000
      Category 2    0.097     2730.000
      Category 3    0.594    16723.000
      Category 4    0.278     7826.000



THE MODEL ESTIMATION TERMINATED NORMALLY



MODEL FIT INFORMATION

Number of Free Parameters                       16

Chi-Square Test of Model Fit

          Value                             77.970*
          Degrees of Freedom                     2
          P-Value                           0.0000

*   The chi-square value for MLM, MLMV, MLR, ULSMV, WLSM and WLSMV cannot be used
    for chi-square difference testing in the regular way.  MLM, MLR and WLSM
    chi-square difference testing is described on the Mplus website.  MLMV, WLSMV,
    and ULSMV difference testing is done using the DIFFTEST option.

RMSEA (Root Mean Square Error Of Approximation)

          Estimate                           0.037
          90 Percent C.I.                    0.030  0.044
          Probability RMSEA <= .05           0.999

CFI/TLI

          CFI                                0.999
          TLI                                0.998

Chi-Square Test of Model Fit for the Baseline Model

          Value                         141549.719
          Degrees of Freedom                     6
          P-Value                           0.0000

WRMR (Weighted Root Mean Square Residual)

          Value                              1.182



MODEL RESULTS

                                                    Two-Tailed
                    Estimate       S.E.  Est./S.E.    P-Value

 TW       BY
    TW1                0.764      0.003    244.945      0.000
    TW5                0.777      0.003    259.492      0.000
    TW7                0.888      0.002    400.302      0.000
    TW8                0.800      0.003    282.116      0.000

 Thresholds
    TW1$1             -1.413      0.011   -129.718      0.000
    TW1$2             -0.462      0.008    -59.616      0.000
    TW1$3              0.889      0.009    103.105      0.000
    TW5$1             -1.692      0.013   -130.334      0.000
    TW5$2             -0.612      0.008    -76.646      0.000
    TW5$3              0.794      0.008     94.793      0.000
    TW7$1             -1.546      0.012   -130.919      0.000
    TW7$2             -0.560      0.008    -70.787      0.000
    TW7$3              0.815      0.008     96.561      0.000
    TW8$1             -1.873      0.015   -126.097      0.000
    TW8$2             -1.138      0.010   -119.467      0.000
    TW8$3              0.588      0.008     73.914      0.000

 Variances
    TW                 1.000      0.000    999.000    999.000


STANDARDIZED MODEL RESULTS


STDYX Standardization

                                                    Two-Tailed
                    Estimate       S.E.  Est./S.E.    P-Value

 TW       BY
    TW1                0.764      0.003    244.945      0.000
    TW5                0.777      0.003    259.492      0.000
    TW7                0.888      0.002    400.302      0.000
    TW8                0.800      0.003    282.116      0.000

 Thresholds
    TW1$1             -1.413      0.011   -129.718      0.000
    TW1$2             -0.462      0.008    -59.616      0.000
    TW1$3              0.889      0.009    103.105      0.000
    TW5$1             -1.692      0.013   -130.334      0.000
    TW5$2             -0.612      0.008    -76.646      0.000
    TW5$3              0.794      0.008     94.793      0.000
    TW7$1             -1.546      0.012   -130.919      0.000
    TW7$2             -0.560      0.008    -70.787      0.000
    TW7$3              0.815      0.008     96.561      0.000
    TW8$1             -1.873      0.015   -126.097      0.000
    TW8$2             -1.138      0.010   -119.467      0.000
    TW8$3              0.588      0.008     73.914      0.000

 Variances
    TW                 1.000      0.000    999.000    999.000


STDY Standardization

                                                    Two-Tailed
                    Estimate       S.E.  Est./S.E.    P-Value

 TW       BY
    TW1                0.764      0.003    244.945      0.000
    TW5                0.777      0.003    259.492      0.000
    TW7                0.888      0.002    400.302      0.000
    TW8                0.800      0.003    282.116      0.000

 Thresholds
    TW1$1             -1.413      0.011   -129.718      0.000
    TW1$2             -0.462      0.008    -59.616      0.000
    TW1$3              0.889      0.009    103.105      0.000
    TW5$1             -1.692      0.013   -130.334      0.000
    TW5$2             -0.612      0.008    -76.646      0.000
    TW5$3              0.794      0.008     94.793      0.000
    TW7$1             -1.546      0.012   -130.919      0.000
    TW7$2             -0.560      0.008    -70.787      0.000
    TW7$3              0.815      0.008     96.561      0.000
    TW8$1             -1.873      0.015   -126.097      0.000
    TW8$2             -1.138      0.010   -119.467      0.000
    TW8$3              0.588      0.008     73.914      0.000

 Variances
    TW                 1.000      0.000    999.000    999.000


STD Standardization

                                                    Two-Tailed
                    Estimate       S.E.  Est./S.E.    P-Value

 TW       BY
    TW1                0.764      0.003    244.945      0.000
    TW5                0.777      0.003    259.492      0.000
    TW7                0.888      0.002    400.302      0.000
    TW8                0.800      0.003    282.116      0.000

 Thresholds
    TW1$1             -1.413      0.011   -129.718      0.000
    TW1$2             -0.462      0.008    -59.616      0.000
    TW1$3              0.889      0.009    103.105      0.000
    TW5$1             -1.692      0.013   -130.334      0.000
    TW5$2             -0.612      0.008    -76.646      0.000
    TW5$3              0.794      0.008     94.793      0.000
    TW7$1             -1.546      0.012   -130.919      0.000
    TW7$2             -0.560      0.008    -70.787      0.000
    TW7$3              0.815      0.008     96.561      0.000
    TW8$1             -1.873      0.015   -126.097      0.000
    TW8$2             -1.138      0.010   -119.467      0.000
    TW8$3              0.588      0.008     73.914      0.000

 Variances
    TW                 1.000      0.000    999.000    999.000


R-SQUARE

    Observed                                        Two-Tailed   Residual
    Variable        Estimate       S.E.  Est./S.E.    P-Value    Variance

    TW1                0.583      0.005    122.473      0.000      0.417
    TW5                0.604      0.005    129.746      0.000      0.396
    TW7                0.788      0.004    200.151      0.000      0.212
    TW8                0.639      0.005    141.058      0.000      0.361


QUALITY OF NUMERICAL RESULTS

     Condition Number for the Information Matrix              0.144E-01
       (ratio of smallest to largest eigenvalue)


RESIDUAL OUTPUT


     ESTIMATED MODEL AND RESIDUALS (OBSERVED - ESTIMATED)


           Model Estimated Means/Intercepts/Thresholds
              TW1$1         TW1$2         TW1$3         TW5$1         TW5$2
              ________      ________      ________      ________      ________
      1        -1.413        -0.462         0.889        -1.692        -0.612


           Model Estimated Means/Intercepts/Thresholds
              TW5$3         TW7$1         TW7$2         TW7$3         TW8$1
              ________      ________      ________      ________      ________
      1         0.794        -1.546        -0.560         0.815        -1.873


           Model Estimated Means/Intercepts/Thresholds
              TW8$2         TW8$3
              ________      ________
      1        -1.138         0.588


           Residuals for Means/Intercepts/Thresholds
              TW1$1         TW1$2         TW1$3         TW5$1         TW5$2
              ________      ________      ________      ________      ________
      1         0.000         0.000         0.000         0.000         0.000


           Residuals for Means/Intercepts/Thresholds
              TW5$3         TW7$1         TW7$2         TW7$3         TW8$1
              ________      ________      ________      ________      ________
      1         0.000         0.000         0.000         0.000         0.000


           Residuals for Means/Intercepts/Thresholds
              TW8$2         TW8$3
              ________      ________
      1         0.000         0.000


           Model Estimated Covariances/Correlations/Residual Correlations
              TW1           TW5           TW7           TW8
              ________      ________      ________      ________
 TW1
 TW5            0.594
 TW7            0.678         0.690
 TW8            0.611         0.621         0.710


           Residuals for Covariances/Correlations/Residual Correlations
              TW1           TW5           TW7           TW8
              ________      ________      ________      ________
 TW1
 TW5           -0.001
 TW7           -0.007         0.007
 TW8            0.012        -0.011         0.000


     UNIVARIATE PROPORTIONS FOR CATEGORICAL VARIABLES

                         Observed      Estimated      Residual (Observed-Estimated)

     TW1
       Category 1          0.079          0.079          0.000
       Category 2          0.243          0.243          0.000
       Category 3          0.491          0.491          0.000
       Category 4          0.187          0.187          0.000
     TW5
       Category 1          0.045          0.045          0.000
       Category 2          0.225          0.225          0.000
       Category 3          0.516          0.516          0.000
       Category 4          0.214          0.214          0.000
     TW7
       Category 1          0.061          0.061          0.000
       Category 2          0.227          0.227          0.000
       Category 3          0.505          0.505          0.000
       Category 4          0.208          0.208          0.000
     TW8
       Category 1          0.031          0.031          0.000
       Category 2          0.097          0.097          0.000
       Category 3          0.594          0.594          0.000
       Category 4          0.278          0.278          0.000


MODEL MODIFICATION INDICES

NOTE:  Modification indices for direct effects of observed dependent variables
regressed on covariates and residual covariances among observed dependent
variables may not be included.  To include these, request MODINDICES (ALL).

Minimum M.I. value for printing the modification index    10.000

                                   M.I.     E.P.C.  Std E.P.C.  StdYX E.P.C.

No modification indices above the minimum value.



DIAGRAM INFORMATION

  Use View Diagram under the Diagram menu in the Mplus Editor to view the diagram.
  If running Mplus from the Mplus Diagrammer, the diagram opens automatically.

  Diagram output
    d:\dropbox\survey book\data analysis\mplus\pisa2015_cfa.dgm

     Beginning Time:  16:18:34
        Ending Time:  16:18:35
       Elapsed Time:  00:00:01



MUTHEN & MUTHEN
3463 Stoner Ave.
Los Angeles, CA  90066

Tel: (310) 391-9971
Fax: (310) 391-8971
Web: www.StatModel.com
Support: Support@StatModel.com

Copyright (c) 1998-2014 Muthen & Muthen
